<?xml version="1.0" encoding="UTF-8" ?>
<testsuites disabled="0" errors="0" failures="5" tests="5" time="357.457">
 <testsuite name="Login Page" timestamp="2019-05-08T13:57:15" hostname="localhost" time="183.061" errors="0" tests="1" skipped="0" disabled="0" failures="0">
  <testcase classname="Login Page" name="Login" time="8.659" />
 </testsuite>
 <testsuite name="Login Page.Prompter" timestamp="2019-05-08T13:57:24" hostname="localhost" time="174.396" errors="0" tests="4" skipped="0" disabled="0" failures="5">
  <testcase classname="Login Page.Prompter" name="Change status to avaible" time="6.1" />
  <testcase classname="Login Page.Prompter" name="Qualify" time="158.225">
   <failure type="exception" message="Failed: chrome not reachable
  (Session info: chrome=61.0.3163.100)
  (Driver info: chromedriver=2.33.506092 (733a02544d189eeb751fe0d7ddca79a0ee28cce4),platform=Linux 4.15.0-47-generic x86_64)"><![CDATA[WebDriverError: chrome not reachable
  (Session info: chrome=61.0.3163.100)
  (Driver info: chromedriver=2.33.506092 (733a02544d189eeb751fe0d7ddca79a0ee28cce4),platform=Linux 4.15.0-47-generic x86_64)
    at Object.checkLegacyResponse (/home/hayder-pc/Documents/workspace/SandBox/app-sandbox/node_modules/protractor/node_modules/selenium-webdriver/lib/error.js:546:15)
    at parseHttpResponse (/home/hayder-pc/Documents/workspace/SandBox/app-sandbox/node_modules/protractor/node_modules/selenium-webdriver/lib/http.js:509:13)
    at doSend.then.response (/home/hayder-pc/Documents/workspace/SandBox/app-sandbox/node_modules/protractor/node_modules/selenium-webdriver/lib/http.js:441:30)
    at process._tickCallback (internal/process/next_tick.js:68:7)
From: Task: WebDriver.findElements(By(css selector, [ng-click="qualify()"]))
    at thenableWebDriverProxy.schedule (/home/hayder-pc/Documents/workspace/SandBox/app-sandbox/node_modules/protractor/node_modules/selenium-webdriver/lib/webdriver.js:807:17)
    at thenableWebDriverProxy.findElements (/home/hayder-pc/Documents/workspace/SandBox/app-sandbox/node_modules/protractor/node_modules/selenium-webdriver/lib/webdriver.js:1048:19)
    at ptor.waitForAngular.then (/home/hayder-pc/Documents/workspace/SandBox/app-sandbox/node_modules/protractor/built/element.js:159:44)
    at ManagedPromise.invokeCallback_ (/home/hayder-pc/Documents/workspace/SandBox/app-sandbox/node_modules/protractor/node_modules/selenium-webdriver/lib/promise.js:1376:14)
    at TaskQueue.execute_ (/home/hayder-pc/Documents/workspace/SandBox/app-sandbox/node_modules/protractor/node_modules/selenium-webdriver/lib/promise.js:3084:14)
    at TaskQueue.executeNext_ (/home/hayder-pc/Documents/workspace/SandBox/app-sandbox/node_modules/protractor/node_modules/selenium-webdriver/lib/promise.js:3067:27)
    at asyncRun (/home/hayder-pc/Documents/workspace/SandBox/app-sandbox/node_modules/protractor/node_modules/selenium-webdriver/lib/promise.js:2927:27)
    at /home/hayder-pc/Documents/workspace/SandBox/app-sandbox/node_modules/protractor/node_modules/selenium-webdriver/lib/promise.js:668:7
From: Task: <anonymous>
    at Timeout.pollCondition [as _onTimeout] (/home/hayder-pc/Documents/workspace/SandBox/app-sandbox/node_modules/protractor/node_modules/selenium-webdriver/lib/promise.js:2195:19)
    at ontimeout (timers.js:436:11)
    at tryOnTimeout (timers.js:300:5)
    at listOnTimeout (timers.js:263:5)
    at Timer.processTimers (timers.js:223:10)
From: Task: <anonymous wait>
    at scheduleWait (/home/hayder-pc/Documents/workspace/SandBox/app-sandbox/node_modules/protractor/node_modules/selenium-webdriver/lib/promise.js:2188:20)
    at ControlFlow.wait (/home/hayder-pc/Documents/workspace/SandBox/app-sandbox/node_modules/protractor/node_modules/selenium-webdriver/lib/promise.js:2517:12)
    at thenableWebDriverProxy.wait (/home/hayder-pc/Documents/workspace/SandBox/app-sandbox/node_modules/protractor/node_modules/selenium-webdriver/lib/webdriver.js:934:29)
    at run (/home/hayder-pc/Documents/workspace/SandBox/app-sandbox/node_modules/protractor/built/browser.js:59:33)
    at ProtractorBrowser.to.(anonymous function) [as wait] (/home/hayder-pc/Documents/workspace/SandBox/app-sandbox/node_modules/protractor/built/browser.js:67:16)
    at prompter_page.clickQualify (/home/hayder-pc/Documents/workspace/SandBox/app-sandbox/protractor/prompter_page.js:133:17)
    at prompter_page.qualify_predictif (/home/hayder-pc/Documents/workspace/SandBox/app-sandbox/protractor/prompter_page.js:241:18)
    at UserContext.<anonymous> (/home/hayder-pc/Documents/workspace/SandBox/app-sandbox/protractor/prompter1_spec.js:22:15)
    at /home/hayder-pc/Documents/workspace/SandBox/app-sandbox/node_modules/jasminewd2/index.js:112:25
    at new ManagedPromise (/home/hayder-pc/Documents/workspace/SandBox/app-sandbox/node_modules/protractor/node_modules/selenium-webdriver/lib/promise.js:1077:7)
From: Task: Run it("Qualify") in control flow
    at UserContext.<anonymous> (/home/hayder-pc/Documents/workspace/SandBox/app-sandbox/node_modules/jasminewd2/index.js:94:19)
    at attempt (/home/hayder-pc/Documents/workspace/SandBox/app-sandbox/node_modules/jasmine-core/lib/jasmine-core/jasmine.js:4297:26)
    at QueueRunner.run (/home/hayder-pc/Documents/workspace/SandBox/app-sandbox/node_modules/jasmine-core/lib/jasmine-core/jasmine.js:4217:20)
    at runNext (/home/hayder-pc/Documents/workspace/SandBox/app-sandbox/node_modules/jasmine-core/lib/jasmine-core/jasmine.js:4257:20)
    at /home/hayder-pc/Documents/workspace/SandBox/app-sandbox/node_modules/jasmine-core/lib/jasmine-core/jasmine.js:4264:13
    at /home/hayder-pc/Documents/workspace/SandBox/app-sandbox/node_modules/jasmine-core/lib/jasmine-core/jasmine.js:4172:9
    at /home/hayder-pc/Documents/workspace/SandBox/app-sandbox/node_modules/jasminewd2/index.js:64:48
    at ControlFlow.emit (/home/hayder-pc/Documents/workspace/SandBox/app-sandbox/node_modules/protractor/node_modules/selenium-webdriver/lib/events.js:62:21)
    at ControlFlow.shutdown_ (/home/hayder-pc/Documents/workspace/SandBox/app-sandbox/node_modules/protractor/node_modules/selenium-webdriver/lib/promise.js:2674:10)
    at shutdownTask_.MicroTask (/home/hayder-pc/Documents/workspace/SandBox/app-sandbox/node_modules/protractor/node_modules/selenium-webdriver/lib/promise.js:2599:53)
From asynchronous test: 
Error
    at Suite.<anonymous> (/home/hayder-pc/Documents/workspace/SandBox/app-sandbox/protractor/prompter1_spec.js:21:1)
    at addSpecsToSuite (/home/hayder-pc/Documents/workspace/SandBox/app-sandbox/node_modules/jasmine-core/lib/jasmine-core/jasmine.js:1107:25)
    at Env.describe (/home/hayder-pc/Documents/workspace/SandBox/app-sandbox/node_modules/jasmine-core/lib/jasmine-core/jasmine.js:1074:7)
    at describe (/home/hayder-pc/Documents/workspace/SandBox/app-sandbox/node_modules/jasmine-core/lib/jasmine-core/jasmine.js:4399:18)
    at Suite.<anonymous> (/home/hayder-pc/Documents/workspace/SandBox/app-sandbox/protractor/prompter1_spec.js:14:1)
    at addSpecsToSuite (/home/hayder-pc/Documents/workspace/SandBox/app-sandbox/node_modules/jasmine-core/lib/jasmine-core/jasmine.js:1107:25)
    at Env.describe (/home/hayder-pc/Documents/workspace/SandBox/app-sandbox/node_modules/jasmine-core/lib/jasmine-core/jasmine.js:1074:7)
    at describe (/home/hayder-pc/Documents/workspace/SandBox/app-sandbox/node_modules/jasmine-core/lib/jasmine-core/jasmine.js:4399:18)
    at Object.<anonymous> (/home/hayder-pc/Documents/workspace/SandBox/app-sandbox/protractor/prompter1_spec.js:3:1)]]>
   </failure>
  </testcase>
  <testcase classname="Login Page.Prompter" name="Change status to released" time="5.038">
   <failure type="exception" message="WebDriverError: chrome not reachable
  (Session info: chrome=61.0.3163.100)
  (Driver info: chromedriver=2.33.506092 (733a02544d189eeb751fe0d7ddca79a0ee28cce4),platform=Linux 4.15.0-47-generic x86_64)"><![CDATA[WebDriverError: chrome not reachable
  (Session info: chrome=61.0.3163.100)
  (Driver info: chromedriver=2.33.506092 (733a02544d189eeb751fe0d7ddca79a0ee28cce4),platform=Linux 4.15.0-47-generic x86_64)
    at Object.checkLegacyResponse (/home/hayder-pc/Documents/workspace/SandBox/app-sandbox/node_modules/protractor/node_modules/selenium-webdriver/lib/error.js:546:15)
    at parseHttpResponse (/home/hayder-pc/Documents/workspace/SandBox/app-sandbox/node_modules/protractor/node_modules/selenium-webdriver/lib/http.js:509:13)
    at doSend.then.response (/home/hayder-pc/Documents/workspace/SandBox/app-sandbox/node_modules/protractor/node_modules/selenium-webdriver/lib/http.js:441:30)
    at process._tickCallback (internal/process/next_tick.js:68:7)
From: Task: WebDriver.takeScreenshot()
    at thenableWebDriverProxy.schedule (/home/hayder-pc/Documents/workspace/SandBox/app-sandbox/node_modules/protractor/node_modules/selenium-webdriver/lib/webdriver.js:807:17)
    at thenableWebDriverProxy.takeScreenshot (/home/hayder-pc/Documents/workspace/SandBox/app-sandbox/node_modules/protractor/node_modules/selenium-webdriver/lib/webdriver.js:1085:17)
    at run (/home/hayder-pc/Documents/workspace/SandBox/app-sandbox/node_modules/protractor/built/browser.js:59:33)
    at ProtractorBrowser.to.(anonymous function) [as takeScreenshot] (/home/hayder-pc/Documents/workspace/SandBox/app-sandbox/node_modules/protractor/built/browser.js:67:16)
    at /home/hayder-pc/Documents/workspace/SandBox/app-sandbox/node_modules/protractor-jasmine2-screenshot-reporter/index.js:600:23
    at /home/hayder-pc/Documents/workspace/SandBox/app-sandbox/node_modules/lodash/lodash.js:4925:15
    at baseForOwn (/home/hayder-pc/Documents/workspace/SandBox/app-sandbox/node_modules/lodash/lodash.js:3010:24)
    at /home/hayder-pc/Documents/workspace/SandBox/app-sandbox/node_modules/lodash/lodash.js:4894:18
    at Function.forEach (/home/hayder-pc/Documents/workspace/SandBox/app-sandbox/node_modules/lodash/lodash.js:9342:14)
    at Jasmine2ScreenShotReporter.specDone (/home/hayder-pc/Documents/workspace/SandBox/app-sandbox/node_modules/protractor-jasmine2-screenshot-reporter/index.js:596:7)]]>
   </failure>
   <failure type="exception" message="Failed: chrome not reachable
  (Session info: chrome=61.0.3163.100)
  (Driver info: chromedriver=2.33.506092 (733a02544d189eeb751fe0d7ddca79a0ee28cce4),platform=Linux 4.15.0-47-generic x86_64)"><![CDATA[WebDriverError: chrome not reachable
  (Session info: chrome=61.0.3163.100)
  (Driver info: chromedriver=2.33.506092 (733a02544d189eeb751fe0d7ddca79a0ee28cce4),platform=Linux 4.15.0-47-generic x86_64)
    at Object.checkLegacyResponse (/home/hayder-pc/Documents/workspace/SandBox/app-sandbox/node_modules/protractor/node_modules/selenium-webdriver/lib/error.js:546:15)
    at parseHttpResponse (/home/hayder-pc/Documents/workspace/SandBox/app-sandbox/node_modules/protractor/node_modules/selenium-webdriver/lib/http.js:509:13)
    at doSend.then.response (/home/hayder-pc/Documents/workspace/SandBox/app-sandbox/node_modules/protractor/node_modules/selenium-webdriver/lib/http.js:441:30)
    at process._tickCallback (internal/process/next_tick.js:68:7)
From: Task: WebDriver.findElements(By(css selector, *[id="headerChangeAgentStatus"]))
    at thenableWebDriverProxy.schedule (/home/hayder-pc/Documents/workspace/SandBox/app-sandbox/node_modules/protractor/node_modules/selenium-webdriver/lib/webdriver.js:807:17)
    at thenableWebDriverProxy.findElements (/home/hayder-pc/Documents/workspace/SandBox/app-sandbox/node_modules/protractor/node_modules/selenium-webdriver/lib/webdriver.js:1048:19)
    at ptor.waitForAngular.then (/home/hayder-pc/Documents/workspace/SandBox/app-sandbox/node_modules/protractor/built/element.js:159:44)
    at ManagedPromise.invokeCallback_ (/home/hayder-pc/Documents/workspace/SandBox/app-sandbox/node_modules/protractor/node_modules/selenium-webdriver/lib/promise.js:1376:14)
    at TaskQueue.execute_ (/home/hayder-pc/Documents/workspace/SandBox/app-sandbox/node_modules/protractor/node_modules/selenium-webdriver/lib/promise.js:3084:14)
    at TaskQueue.executeNext_ (/home/hayder-pc/Documents/workspace/SandBox/app-sandbox/node_modules/protractor/node_modules/selenium-webdriver/lib/promise.js:3067:27)
    at asyncRun (/home/hayder-pc/Documents/workspace/SandBox/app-sandbox/node_modules/protractor/node_modules/selenium-webdriver/lib/promise.js:2927:27)
    at /home/hayder-pc/Documents/workspace/SandBox/app-sandbox/node_modules/protractor/node_modules/selenium-webdriver/lib/promise.js:668:7Error
    at ElementArrayFinder.applyAction_ (/home/hayder-pc/Documents/workspace/SandBox/app-sandbox/node_modules/protractor/built/element.js:459:27)
    at ElementArrayFinder.(anonymous function).args [as click] (/home/hayder-pc/Documents/workspace/SandBox/app-sandbox/node_modules/protractor/built/element.js:91:29)
    at ElementFinder.(anonymous function).args [as click] (/home/hayder-pc/Documents/workspace/SandBox/app-sandbox/node_modules/protractor/built/element.js:831:22)
    at home_page.changeStatusToReleased (/home/hayder-pc/Documents/workspace/SandBox/app-sandbox/protractor/home_page.js:26:51)
    at UserContext.<anonymous> (/home/hayder-pc/Documents/workspace/SandBox/app-sandbox/protractor/prompter1_spec.js:26:11)
    at /home/hayder-pc/Documents/workspace/SandBox/app-sandbox/node_modules/jasminewd2/index.js:112:25
    at new ManagedPromise (/home/hayder-pc/Documents/workspace/SandBox/app-sandbox/node_modules/protractor/node_modules/selenium-webdriver/lib/promise.js:1077:7)
    at ControlFlow.promise (/home/hayder-pc/Documents/workspace/SandBox/app-sandbox/node_modules/protractor/node_modules/selenium-webdriver/lib/promise.js:2505:12)
    at schedulerExecute (/home/hayder-pc/Documents/workspace/SandBox/app-sandbox/node_modules/jasminewd2/index.js:95:18)
    at TaskQueue.execute_ (/home/hayder-pc/Documents/workspace/SandBox/app-sandbox/node_modules/protractor/node_modules/selenium-webdriver/lib/promise.js:3084:14)
From: Task: Run it("Change status to released") in control flow
    at UserContext.<anonymous> (/home/hayder-pc/Documents/workspace/SandBox/app-sandbox/node_modules/jasminewd2/index.js:94:19)
    at attempt (/home/hayder-pc/Documents/workspace/SandBox/app-sandbox/node_modules/jasmine-core/lib/jasmine-core/jasmine.js:4297:26)
    at QueueRunner.run (/home/hayder-pc/Documents/workspace/SandBox/app-sandbox/node_modules/jasmine-core/lib/jasmine-core/jasmine.js:4217:20)
    at runNext (/home/hayder-pc/Documents/workspace/SandBox/app-sandbox/node_modules/jasmine-core/lib/jasmine-core/jasmine.js:4257:20)
    at /home/hayder-pc/Documents/workspace/SandBox/app-sandbox/node_modules/jasmine-core/lib/jasmine-core/jasmine.js:4264:13
    at /home/hayder-pc/Documents/workspace/SandBox/app-sandbox/node_modules/jasmine-core/lib/jasmine-core/jasmine.js:4172:9
    at handleError (/home/hayder-pc/Documents/workspace/SandBox/app-sandbox/node_modules/jasmine-core/lib/jasmine-core/jasmine.js:4244:11)
    at process.onerror (/home/hayder-pc/Documents/workspace/SandBox/app-sandbox/node_modules/jasmine-core/lib/jasmine-core/jasmine.js:2371:17)
    at process.emit (events.js:182:13)
    at process.emit (/home/hayder-pc/Documents/workspace/SandBox/app-sandbox/node_modules/source-map-support/source-map-support.js:439:21)
From asynchronous test: 
Error
    at Suite.<anonymous> (/home/hayder-pc/Documents/workspace/SandBox/app-sandbox/protractor/prompter1_spec.js:25:1)
    at addSpecsToSuite (/home/hayder-pc/Documents/workspace/SandBox/app-sandbox/node_modules/jasmine-core/lib/jasmine-core/jasmine.js:1107:25)
    at Env.describe (/home/hayder-pc/Documents/workspace/SandBox/app-sandbox/node_modules/jasmine-core/lib/jasmine-core/jasmine.js:1074:7)
    at describe (/home/hayder-pc/Documents/workspace/SandBox/app-sandbox/node_modules/jasmine-core/lib/jasmine-core/jasmine.js:4399:18)
    at Suite.<anonymous> (/home/hayder-pc/Documents/workspace/SandBox/app-sandbox/protractor/prompter1_spec.js:14:1)
    at addSpecsToSuite (/home/hayder-pc/Documents/workspace/SandBox/app-sandbox/node_modules/jasmine-core/lib/jasmine-core/jasmine.js:1107:25)
    at Env.describe (/home/hayder-pc/Documents/workspace/SandBox/app-sandbox/node_modules/jasmine-core/lib/jasmine-core/jasmine.js:1074:7)
    at describe (/home/hayder-pc/Documents/workspace/SandBox/app-sandbox/node_modules/jasmine-core/lib/jasmine-core/jasmine.js:4399:18)
    at Object.<anonymous> (/home/hayder-pc/Documents/workspace/SandBox/app-sandbox/protractor/prompter1_spec.js:3:1)]]>
   </failure>
  </testcase>
  <testcase classname="Login Page.Prompter" name="Logout" time="5.028">
   <failure type="exception" message="WebDriverError: chrome not reachable
  (Session info: chrome=61.0.3163.100)
  (Driver info: chromedriver=2.33.506092 (733a02544d189eeb751fe0d7ddca79a0ee28cce4),platform=Linux 4.15.0-47-generic x86_64)"><![CDATA[WebDriverError: chrome not reachable
  (Session info: chrome=61.0.3163.100)
  (Driver info: chromedriver=2.33.506092 (733a02544d189eeb751fe0d7ddca79a0ee28cce4),platform=Linux 4.15.0-47-generic x86_64)
    at Object.checkLegacyResponse (/home/hayder-pc/Documents/workspace/SandBox/app-sandbox/node_modules/protractor/node_modules/selenium-webdriver/lib/error.js:546:15)
    at parseHttpResponse (/home/hayder-pc/Documents/workspace/SandBox/app-sandbox/node_modules/protractor/node_modules/selenium-webdriver/lib/http.js:509:13)
    at doSend.then.response (/home/hayder-pc/Documents/workspace/SandBox/app-sandbox/node_modules/protractor/node_modules/selenium-webdriver/lib/http.js:441:30)
    at process._tickCallback (internal/process/next_tick.js:68:7)
From: Task: WebDriver.takeScreenshot()
    at thenableWebDriverProxy.schedule (/home/hayder-pc/Documents/workspace/SandBox/app-sandbox/node_modules/protractor/node_modules/selenium-webdriver/lib/webdriver.js:807:17)
    at thenableWebDriverProxy.takeScreenshot (/home/hayder-pc/Documents/workspace/SandBox/app-sandbox/node_modules/protractor/node_modules/selenium-webdriver/lib/webdriver.js:1085:17)
    at run (/home/hayder-pc/Documents/workspace/SandBox/app-sandbox/node_modules/protractor/built/browser.js:59:33)
    at ProtractorBrowser.to.(anonymous function) [as takeScreenshot] (/home/hayder-pc/Documents/workspace/SandBox/app-sandbox/node_modules/protractor/built/browser.js:67:16)
    at /home/hayder-pc/Documents/workspace/SandBox/app-sandbox/node_modules/protractor-jasmine2-screenshot-reporter/index.js:600:23
    at /home/hayder-pc/Documents/workspace/SandBox/app-sandbox/node_modules/lodash/lodash.js:4925:15
    at baseForOwn (/home/hayder-pc/Documents/workspace/SandBox/app-sandbox/node_modules/lodash/lodash.js:3010:24)
    at /home/hayder-pc/Documents/workspace/SandBox/app-sandbox/node_modules/lodash/lodash.js:4894:18
    at Function.forEach (/home/hayder-pc/Documents/workspace/SandBox/app-sandbox/node_modules/lodash/lodash.js:9342:14)
    at Jasmine2ScreenShotReporter.specDone (/home/hayder-pc/Documents/workspace/SandBox/app-sandbox/node_modules/protractor-jasmine2-screenshot-reporter/index.js:596:7)]]>
   </failure>
   <failure type="exception" message="Failed: chrome not reachable
  (Session info: chrome=61.0.3163.100)
  (Driver info: chromedriver=2.33.506092 (733a02544d189eeb751fe0d7ddca79a0ee28cce4),platform=Linux 4.15.0-47-generic x86_64)"><![CDATA[WebDriverError: chrome not reachable
  (Session info: chrome=61.0.3163.100)
  (Driver info: chromedriver=2.33.506092 (733a02544d189eeb751fe0d7ddca79a0ee28cce4),platform=Linux 4.15.0-47-generic x86_64)
    at Object.checkLegacyResponse (/home/hayder-pc/Documents/workspace/SandBox/app-sandbox/node_modules/protractor/node_modules/selenium-webdriver/lib/error.js:546:15)
    at parseHttpResponse (/home/hayder-pc/Documents/workspace/SandBox/app-sandbox/node_modules/protractor/node_modules/selenium-webdriver/lib/http.js:509:13)
    at doSend.then.response (/home/hayder-pc/Documents/workspace/SandBox/app-sandbox/node_modules/protractor/node_modules/selenium-webdriver/lib/http.js:441:30)
    at process._tickCallback (internal/process/next_tick.js:68:7)
From: Task: WebDriver.findElements(By(css selector, *[id="headerMenuProfil"]))
    at thenableWebDriverProxy.schedule (/home/hayder-pc/Documents/workspace/SandBox/app-sandbox/node_modules/protractor/node_modules/selenium-webdriver/lib/webdriver.js:807:17)
    at thenableWebDriverProxy.findElements (/home/hayder-pc/Documents/workspace/SandBox/app-sandbox/node_modules/protractor/node_modules/selenium-webdriver/lib/webdriver.js:1048:19)
    at ptor.waitForAngular.then (/home/hayder-pc/Documents/workspace/SandBox/app-sandbox/node_modules/protractor/built/element.js:159:44)
    at ManagedPromise.invokeCallback_ (/home/hayder-pc/Documents/workspace/SandBox/app-sandbox/node_modules/protractor/node_modules/selenium-webdriver/lib/promise.js:1376:14)
    at TaskQueue.execute_ (/home/hayder-pc/Documents/workspace/SandBox/app-sandbox/node_modules/protractor/node_modules/selenium-webdriver/lib/promise.js:3084:14)
    at TaskQueue.executeNext_ (/home/hayder-pc/Documents/workspace/SandBox/app-sandbox/node_modules/protractor/node_modules/selenium-webdriver/lib/promise.js:3067:27)
    at asyncRun (/home/hayder-pc/Documents/workspace/SandBox/app-sandbox/node_modules/protractor/node_modules/selenium-webdriver/lib/promise.js:2927:27)
    at /home/hayder-pc/Documents/workspace/SandBox/app-sandbox/node_modules/protractor/node_modules/selenium-webdriver/lib/promise.js:668:7Error
    at ElementArrayFinder.applyAction_ (/home/hayder-pc/Documents/workspace/SandBox/app-sandbox/node_modules/protractor/built/element.js:459:27)
    at ElementArrayFinder.(anonymous function).args [as click] (/home/hayder-pc/Documents/workspace/SandBox/app-sandbox/node_modules/protractor/built/element.js:91:29)
    at ElementFinder.(anonymous function).args [as click] (/home/hayder-pc/Documents/workspace/SandBox/app-sandbox/node_modules/protractor/built/element.js:831:22)
    at home_page.logout (/home/hayder-pc/Documents/workspace/SandBox/app-sandbox/protractor/home_page.js:34:44)
    at UserContext.<anonymous> (/home/hayder-pc/Documents/workspace/SandBox/app-sandbox/protractor/prompter1_spec.js:31:11)
    at /home/hayder-pc/Documents/workspace/SandBox/app-sandbox/node_modules/jasminewd2/index.js:112:25
    at new ManagedPromise (/home/hayder-pc/Documents/workspace/SandBox/app-sandbox/node_modules/protractor/node_modules/selenium-webdriver/lib/promise.js:1077:7)
    at ControlFlow.promise (/home/hayder-pc/Documents/workspace/SandBox/app-sandbox/node_modules/protractor/node_modules/selenium-webdriver/lib/promise.js:2505:12)
    at schedulerExecute (/home/hayder-pc/Documents/workspace/SandBox/app-sandbox/node_modules/jasminewd2/index.js:95:18)
    at TaskQueue.execute_ (/home/hayder-pc/Documents/workspace/SandBox/app-sandbox/node_modules/protractor/node_modules/selenium-webdriver/lib/promise.js:3084:14)
From: Task: Run it("Logout") in control flow
    at UserContext.<anonymous> (/home/hayder-pc/Documents/workspace/SandBox/app-sandbox/node_modules/jasminewd2/index.js:94:19)
    at attempt (/home/hayder-pc/Documents/workspace/SandBox/app-sandbox/node_modules/jasmine-core/lib/jasmine-core/jasmine.js:4297:26)
    at QueueRunner.run (/home/hayder-pc/Documents/workspace/SandBox/app-sandbox/node_modules/jasmine-core/lib/jasmine-core/jasmine.js:4217:20)
    at runNext (/home/hayder-pc/Documents/workspace/SandBox/app-sandbox/node_modules/jasmine-core/lib/jasmine-core/jasmine.js:4257:20)
    at /home/hayder-pc/Documents/workspace/SandBox/app-sandbox/node_modules/jasmine-core/lib/jasmine-core/jasmine.js:4264:13
    at /home/hayder-pc/Documents/workspace/SandBox/app-sandbox/node_modules/jasmine-core/lib/jasmine-core/jasmine.js:4172:9
    at handleError (/home/hayder-pc/Documents/workspace/SandBox/app-sandbox/node_modules/jasmine-core/lib/jasmine-core/jasmine.js:4244:11)
    at process.onerror (/home/hayder-pc/Documents/workspace/SandBox/app-sandbox/node_modules/jasmine-core/lib/jasmine-core/jasmine.js:2371:17)
    at process.emit (events.js:182:13)
    at process.emit (/home/hayder-pc/Documents/workspace/SandBox/app-sandbox/node_modules/source-map-support/source-map-support.js:439:21)
From asynchronous test: 
Error
    at Suite.<anonymous> (/home/hayder-pc/Documents/workspace/SandBox/app-sandbox/protractor/prompter1_spec.js:29:1)
    at addSpecsToSuite (/home/hayder-pc/Documents/workspace/SandBox/app-sandbox/node_modules/jasmine-core/lib/jasmine-core/jasmine.js:1107:25)
    at Env.describe (/home/hayder-pc/Documents/workspace/SandBox/app-sandbox/node_modules/jasmine-core/lib/jasmine-core/jasmine.js:1074:7)
    at describe (/home/hayder-pc/Documents/workspace/SandBox/app-sandbox/node_modules/jasmine-core/lib/jasmine-core/jasmine.js:4399:18)
    at Suite.<anonymous> (/home/hayder-pc/Documents/workspace/SandBox/app-sandbox/protractor/prompter1_spec.js:14:1)
    at addSpecsToSuite (/home/hayder-pc/Documents/workspace/SandBox/app-sandbox/node_modules/jasmine-core/lib/jasmine-core/jasmine.js:1107:25)
    at Env.describe (/home/hayder-pc/Documents/workspace/SandBox/app-sandbox/node_modules/jasmine-core/lib/jasmine-core/jasmine.js:1074:7)
    at describe (/home/hayder-pc/Documents/workspace/SandBox/app-sandbox/node_modules/jasmine-core/lib/jasmine-core/jasmine.js:4399:18)
    at Object.<anonymous> (/home/hayder-pc/Documents/workspace/SandBox/app-sandbox/protractor/prompter1_spec.js:3:1)]]>
   </failure>
  </testcase>
 </testsuite>
</testsuites>